[INFO ] [2024-03-13T14:22:46.951+0000] [simpleboard-board-service] [PROFILE_IS_UNDEFINED] [background-preinit] org.hibernate.validator.internal.util.Version - HV000001: Hibernate Validator 8.0.0.Final
[INFO ] [2024-03-13T14:22:47.005+0000] [simpleboard-board-service] [PROFILE_IS_UNDEFINED] [Test worker] com.yellowsunn.boardservice.controller.ArticleControllerTest - Starting ArticleControllerTest using Java 17.0.10 with PID 2579 (started by runner in /home/runner/work/simpleboard/simpleboard/board-service/apps/board-api)
[INFO ] [2024-03-13T14:22:47.007+0000] [simpleboard-board-service] [PROFILE_IS_UNDEFINED] [Test worker] com.yellowsunn.boardservice.controller.ArticleControllerTest - No active profile set, falling back to 1 default profile: "local"
[INFO ] [2024-03-13T14:22:49.560+0000] [simpleboard-board-service] [PROFILE_IS_UNDEFINED] [Test worker] org.springframework.boot.test.mock.web.SpringBootMockServletContext - Initializing Spring TestDispatcherServlet ''
[INFO ] [2024-03-13T14:22:49.561+0000] [simpleboard-board-service] [PROFILE_IS_UNDEFINED] [Test worker] org.springframework.test.web.servlet.TestDispatcherServlet - Initializing Servlet ''
[INFO ] [2024-03-13T14:22:49.565+0000] [simpleboard-board-service] [PROFILE_IS_UNDEFINED] [Test worker] org.springframework.test.web.servlet.TestDispatcherServlet - Completed initialization in 1 ms
[INFO ] [2024-03-13T14:22:49.598+0000] [simpleboard-board-service] [PROFILE_IS_UNDEFINED] [Test worker] com.yellowsunn.boardservice.controller.ArticleControllerTest - Started ArticleControllerTest in 3.144 seconds (process running for 5.223)
[INFO ] [2024-03-13T14:22:49.866+0000] [simpleboard-board-service] [PROFILE_IS_UNDEFINED] [Test worker] org.springframework.boot.test.mock.web.SpringBootMockServletContext - Initializing Spring TestDispatcherServlet ''
[INFO ] [2024-03-13T14:22:49.867+0000] [simpleboard-board-service] [PROFILE_IS_UNDEFINED] [Test worker] org.springframework.test.web.servlet.TestDispatcherServlet - Initializing Servlet ''
[INFO ] [2024-03-13T14:22:49.868+0000] [simpleboard-board-service] [PROFILE_IS_UNDEFINED] [Test worker] org.springframework.test.web.servlet.TestDispatcherServlet - Completed initialization in 1 ms
[INFO ] [2024-03-13T14:22:50.238+0000] [simpleboard-board-service] [PROFILE_IS_UNDEFINED] [Test worker] org.springframework.boot.test.mock.web.SpringBootMockServletContext - Initializing Spring TestDispatcherServlet ''
[INFO ] [2024-03-13T14:22:50.238+0000] [simpleboard-board-service] [PROFILE_IS_UNDEFINED] [Test worker] org.springframework.test.web.servlet.TestDispatcherServlet - Initializing Servlet ''
[INFO ] [2024-03-13T14:22:50.239+0000] [simpleboard-board-service] [PROFILE_IS_UNDEFINED] [Test worker] org.springframework.test.web.servlet.TestDispatcherServlet - Completed initialization in 1 ms
[INFO ] [2024-03-13T14:22:50.315+0000] [simpleboard-board-service] [PROFILE_IS_UNDEFINED] [Test worker] org.springframework.boot.test.mock.web.SpringBootMockServletContext - Initializing Spring TestDispatcherServlet ''
[INFO ] [2024-03-13T14:22:50.315+0000] [simpleboard-board-service] [PROFILE_IS_UNDEFINED] [Test worker] org.springframework.test.web.servlet.TestDispatcherServlet - Initializing Servlet ''
[INFO ] [2024-03-13T14:22:50.316+0000] [simpleboard-board-service] [PROFILE_IS_UNDEFINED] [Test worker] org.springframework.test.web.servlet.TestDispatcherServlet - Completed initialization in 1 ms
[INFO ] [2024-03-13T14:22:50.358+0000] [simpleboard-board-service] [PROFILE_IS_UNDEFINED] [Test worker] org.springframework.boot.test.mock.web.SpringBootMockServletContext - Initializing Spring TestDispatcherServlet ''
[INFO ] [2024-03-13T14:22:50.359+0000] [simpleboard-board-service] [PROFILE_IS_UNDEFINED] [Test worker] org.springframework.test.web.servlet.TestDispatcherServlet - Initializing Servlet ''
[INFO ] [2024-03-13T14:22:50.359+0000] [simpleboard-board-service] [PROFILE_IS_UNDEFINED] [Test worker] org.springframework.test.web.servlet.TestDispatcherServlet - Completed initialization in 0 ms
[INFO ] [2024-03-13T14:22:50.522+0000] [simpleboard-board-service] [PROFILE_IS_UNDEFINED] [Test worker] org.springframework.boot.test.mock.web.SpringBootMockServletContext - Initializing Spring TestDispatcherServlet ''
[INFO ] [2024-03-13T14:22:50.523+0000] [simpleboard-board-service] [PROFILE_IS_UNDEFINED] [Test worker] org.springframework.test.web.servlet.TestDispatcherServlet - Initializing Servlet ''
[INFO ] [2024-03-13T14:22:50.524+0000] [simpleboard-board-service] [PROFILE_IS_UNDEFINED] [Test worker] org.springframework.test.web.servlet.TestDispatcherServlet - Completed initialization in 1 ms
[INFO ] [2024-03-13T14:22:50.576+0000] [simpleboard-board-service] [PROFILE_IS_UNDEFINED] [Test worker] org.springframework.test.context.support.AnnotationConfigContextLoaderUtils - Could not detect default configuration classes for test class [com.yellowsunn.boardservice.controller.ArticleQueryControllerTest]: ArticleQueryControllerTest does not declare any static, non-private, non-final, nested classes annotated with @Configuration.
[INFO ] [2024-03-13T14:22:50.582+0000] [simpleboard-board-service] [PROFILE_IS_UNDEFINED] [Test worker] org.springframework.boot.test.context.SpringBootTestContextBootstrapper - Found @SpringBootConfiguration com.yellowsunn.boardservice.BoardServiceApplication for test class com.yellowsunn.boardservice.controller.ArticleQueryControllerTest
[INFO ] [2024-03-13T14:22:50.698+0000] [simpleboard-board-service] [PROFILE_IS_UNDEFINED] [Test worker] com.yellowsunn.boardservice.controller.ArticleQueryControllerTest - Starting ArticleQueryControllerTest using Java 17.0.10 with PID 2579 (started by runner in /home/runner/work/simpleboard/simpleboard/board-service/apps/board-api)
[INFO ] [2024-03-13T14:22:50.699+0000] [simpleboard-board-service] [PROFILE_IS_UNDEFINED] [Test worker] com.yellowsunn.boardservice.controller.ArticleQueryControllerTest - No active profile set, falling back to 1 default profile: "local"
[INFO ] [2024-03-13T14:22:51.063+0000] [simpleboard-board-service] [PROFILE_IS_UNDEFINED] [Test worker] org.springframework.boot.test.mock.web.SpringBootMockServletContext - Initializing Spring TestDispatcherServlet ''
[INFO ] [2024-03-13T14:22:51.064+0000] [simpleboard-board-service] [PROFILE_IS_UNDEFINED] [Test worker] org.springframework.test.web.servlet.TestDispatcherServlet - Initializing Servlet ''
[INFO ] [2024-03-13T14:22:51.065+0000] [simpleboard-board-service] [PROFILE_IS_UNDEFINED] [Test worker] org.springframework.test.web.servlet.TestDispatcherServlet - Completed initialization in 1 ms
[INFO ] [2024-03-13T14:22:51.072+0000] [simpleboard-board-service] [PROFILE_IS_UNDEFINED] [Test worker] com.yellowsunn.boardservice.controller.ArticleQueryControllerTest - Started ArticleQueryControllerTest in 0.485 seconds (process running for 6.697)
[INFO ] [2024-03-13T14:22:51.079+0000] [simpleboard-board-service] [PROFILE_IS_UNDEFINED] [Test worker] org.springframework.boot.test.mock.web.SpringBootMockServletContext - Initializing Spring TestDispatcherServlet ''
[INFO ] [2024-03-13T14:22:51.079+0000] [simpleboard-board-service] [PROFILE_IS_UNDEFINED] [Test worker] org.springframework.test.web.servlet.TestDispatcherServlet - Initializing Servlet ''
[INFO ] [2024-03-13T14:22:51.080+0000] [simpleboard-board-service] [PROFILE_IS_UNDEFINED] [Test worker] org.springframework.test.web.servlet.TestDispatcherServlet - Completed initialization in 0 ms
[INFO ] [2024-03-13T14:22:51.182+0000] [simpleboard-board-service] [PROFILE_IS_UNDEFINED] [Test worker] org.springframework.boot.test.mock.web.SpringBootMockServletContext - Initializing Spring TestDispatcherServlet ''
[INFO ] [2024-03-13T14:22:51.182+0000] [simpleboard-board-service] [PROFILE_IS_UNDEFINED] [Test worker] org.springframework.test.web.servlet.TestDispatcherServlet - Initializing Servlet ''
[INFO ] [2024-03-13T14:22:51.183+0000] [simpleboard-board-service] [PROFILE_IS_UNDEFINED] [Test worker] org.springframework.test.web.servlet.TestDispatcherServlet - Completed initialization in 1 ms
[INFO ] [2024-03-13T14:22:51.290+0000] [simpleboard-board-service] [PROFILE_IS_UNDEFINED] [Test worker] org.springframework.boot.test.mock.web.SpringBootMockServletContext - Initializing Spring TestDispatcherServlet ''
[INFO ] [2024-03-13T14:22:51.290+0000] [simpleboard-board-service] [PROFILE_IS_UNDEFINED] [Test worker] org.springframework.test.web.servlet.TestDispatcherServlet - Initializing Servlet ''
[INFO ] [2024-03-13T14:22:51.291+0000] [simpleboard-board-service] [PROFILE_IS_UNDEFINED] [Test worker] org.springframework.test.web.servlet.TestDispatcherServlet - Completed initialization in 0 ms
[INFO ] [2024-03-13T14:22:51.411+0000] [simpleboard-board-service] [PROFILE_IS_UNDEFINED] [Test worker] org.springframework.boot.test.mock.web.SpringBootMockServletContext - Initializing Spring TestDispatcherServlet ''
[INFO ] [2024-03-13T14:22:51.411+0000] [simpleboard-board-service] [PROFILE_IS_UNDEFINED] [Test worker] org.springframework.test.web.servlet.TestDispatcherServlet - Initializing Servlet ''
[INFO ] [2024-03-13T14:22:51.412+0000] [simpleboard-board-service] [PROFILE_IS_UNDEFINED] [Test worker] org.springframework.test.web.servlet.TestDispatcherServlet - Completed initialization in 1 ms
[INFO ] [2024-03-13T14:22:51.510+0000] [simpleboard-board-service] [PROFILE_IS_UNDEFINED] [Test worker] org.springframework.test.context.support.AnnotationConfigContextLoaderUtils - Could not detect default configuration classes for test class [com.yellowsunn.boardservice.controller.CommentControllerTest]: CommentControllerTest does not declare any static, non-private, non-final, nested classes annotated with @Configuration.
[INFO ] [2024-03-13T14:22:51.515+0000] [simpleboard-board-service] [PROFILE_IS_UNDEFINED] [Test worker] org.springframework.boot.test.context.SpringBootTestContextBootstrapper - Found @SpringBootConfiguration com.yellowsunn.boardservice.BoardServiceApplication for test class com.yellowsunn.boardservice.controller.CommentControllerTest
[INFO ] [2024-03-13T14:22:51.588+0000] [simpleboard-board-service] [PROFILE_IS_UNDEFINED] [Test worker] com.yellowsunn.boardservice.controller.CommentControllerTest - Starting CommentControllerTest using Java 17.0.10 with PID 2579 (started by runner in /home/runner/work/simpleboard/simpleboard/board-service/apps/board-api)
[INFO ] [2024-03-13T14:22:51.588+0000] [simpleboard-board-service] [PROFILE_IS_UNDEFINED] [Test worker] com.yellowsunn.boardservice.controller.CommentControllerTest - No active profile set, falling back to 1 default profile: "local"
[INFO ] [2024-03-13T14:22:51.878+0000] [simpleboard-board-service] [PROFILE_IS_UNDEFINED] [Test worker] org.springframework.boot.test.mock.web.SpringBootMockServletContext - Initializing Spring TestDispatcherServlet ''
[INFO ] [2024-03-13T14:22:51.879+0000] [simpleboard-board-service] [PROFILE_IS_UNDEFINED] [Test worker] org.springframework.test.web.servlet.TestDispatcherServlet - Initializing Servlet ''
[INFO ] [2024-03-13T14:22:51.880+0000] [simpleboard-board-service] [PROFILE_IS_UNDEFINED] [Test worker] org.springframework.test.web.servlet.TestDispatcherServlet - Completed initialization in 0 ms
[INFO ] [2024-03-13T14:22:51.887+0000] [simpleboard-board-service] [PROFILE_IS_UNDEFINED] [Test worker] com.yellowsunn.boardservice.controller.CommentControllerTest - Started CommentControllerTest in 0.368 seconds (process running for 7.512)
[INFO ] [2024-03-13T14:22:51.892+0000] [simpleboard-board-service] [PROFILE_IS_UNDEFINED] [Test worker] org.springframework.boot.test.mock.web.SpringBootMockServletContext - Initializing Spring TestDispatcherServlet ''
[INFO ] [2024-03-13T14:22:51.893+0000] [simpleboard-board-service] [PROFILE_IS_UNDEFINED] [Test worker] org.springframework.test.web.servlet.TestDispatcherServlet - Initializing Servlet ''
[INFO ] [2024-03-13T14:22:51.893+0000] [simpleboard-board-service] [PROFILE_IS_UNDEFINED] [Test worker] org.springframework.test.web.servlet.TestDispatcherServlet - Completed initialization in 0 ms
[INFO ] [2024-03-13T14:22:51.924+0000] [simpleboard-board-service] [PROFILE_IS_UNDEFINED] [Test worker] org.springframework.boot.test.mock.web.SpringBootMockServletContext - Initializing Spring TestDispatcherServlet ''
[INFO ] [2024-03-13T14:22:51.924+0000] [simpleboard-board-service] [PROFILE_IS_UNDEFINED] [Test worker] org.springframework.test.web.servlet.TestDispatcherServlet - Initializing Servlet ''
[INFO ] [2024-03-13T14:22:51.924+0000] [simpleboard-board-service] [PROFILE_IS_UNDEFINED] [Test worker] org.springframework.test.web.servlet.TestDispatcherServlet - Completed initialization in 0 ms
[INFO ] [2024-03-13T14:22:51.947+0000] [simpleboard-board-service] [PROFILE_IS_UNDEFINED] [Test worker] org.springframework.boot.test.mock.web.SpringBootMockServletContext - Initializing Spring TestDispatcherServlet ''
[INFO ] [2024-03-13T14:22:51.947+0000] [simpleboard-board-service] [PROFILE_IS_UNDEFINED] [Test worker] org.springframework.test.web.servlet.TestDispatcherServlet - Initializing Servlet ''
[INFO ] [2024-03-13T14:22:51.948+0000] [simpleboard-board-service] [PROFILE_IS_UNDEFINED] [Test worker] org.springframework.test.web.servlet.TestDispatcherServlet - Completed initialization in 1 ms
[INFO ] [2024-03-13T14:22:52.047+0000] [simpleboard-board-service] [PROFILE_IS_UNDEFINED] [Test worker] org.springframework.boot.test.mock.web.SpringBootMockServletContext - Initializing Spring TestDispatcherServlet ''
[INFO ] [2024-03-13T14:22:52.047+0000] [simpleboard-board-service] [PROFILE_IS_UNDEFINED] [Test worker] org.springframework.test.web.servlet.TestDispatcherServlet - Initializing Servlet ''
[INFO ] [2024-03-13T14:22:52.048+0000] [simpleboard-board-service] [PROFILE_IS_UNDEFINED] [Test worker] org.springframework.test.web.servlet.TestDispatcherServlet - Completed initialization in 1 ms
[INFO ] [2024-03-13T14:22:52.073+0000] [simpleboard-board-service] [PROFILE_IS_UNDEFINED] [Test worker] org.springframework.boot.test.mock.web.SpringBootMockServletContext - Initializing Spring TestDispatcherServlet ''
[INFO ] [2024-03-13T14:22:52.073+0000] [simpleboard-board-service] [PROFILE_IS_UNDEFINED] [Test worker] org.springframework.test.web.servlet.TestDispatcherServlet - Initializing Servlet ''
[INFO ] [2024-03-13T14:22:52.074+0000] [simpleboard-board-service] [PROFILE_IS_UNDEFINED] [Test worker] org.springframework.test.web.servlet.TestDispatcherServlet - Completed initialization in 1 ms
[INFO ] [2024-03-13T14:22:52.092+0000] [simpleboard-board-service] [PROFILE_IS_UNDEFINED] [Test worker] org.springframework.test.context.support.AnnotationConfigContextLoaderUtils - Could not detect default configuration classes for test class [com.yellowsunn.boardservice.controller.CommentQueryControllerTest]: CommentQueryControllerTest does not declare any static, non-private, non-final, nested classes annotated with @Configuration.
[INFO ] [2024-03-13T14:22:52.096+0000] [simpleboard-board-service] [PROFILE_IS_UNDEFINED] [Test worker] org.springframework.boot.test.context.SpringBootTestContextBootstrapper - Found @SpringBootConfiguration com.yellowsunn.boardservice.BoardServiceApplication for test class com.yellowsunn.boardservice.controller.CommentQueryControllerTest
[INFO ] [2024-03-13T14:22:52.160+0000] [simpleboard-board-service] [PROFILE_IS_UNDEFINED] [Test worker] com.yellowsunn.boardservice.controller.CommentQueryControllerTest - Starting CommentQueryControllerTest using Java 17.0.10 with PID 2579 (started by runner in /home/runner/work/simpleboard/simpleboard/board-service/apps/board-api)
[INFO ] [2024-03-13T14:22:52.161+0000] [simpleboard-board-service] [PROFILE_IS_UNDEFINED] [Test worker] com.yellowsunn.boardservice.controller.CommentQueryControllerTest - No active profile set, falling back to 1 default profile: "local"
[INFO ] [2024-03-13T14:22:52.411+0000] [simpleboard-board-service] [PROFILE_IS_UNDEFINED] [Test worker] org.springframework.boot.test.mock.web.SpringBootMockServletContext - Initializing Spring TestDispatcherServlet ''
[INFO ] [2024-03-13T14:22:52.412+0000] [simpleboard-board-service] [PROFILE_IS_UNDEFINED] [Test worker] org.springframework.test.web.servlet.TestDispatcherServlet - Initializing Servlet ''
[INFO ] [2024-03-13T14:22:52.413+0000] [simpleboard-board-service] [PROFILE_IS_UNDEFINED] [Test worker] org.springframework.test.web.servlet.TestDispatcherServlet - Completed initialization in 1 ms
[INFO ] [2024-03-13T14:22:52.420+0000] [simpleboard-board-service] [PROFILE_IS_UNDEFINED] [Test worker] com.yellowsunn.boardservice.controller.CommentQueryControllerTest - Started CommentQueryControllerTest in 0.321 seconds (process running for 8.045)
[INFO ] [2024-03-13T14:22:52.425+0000] [simpleboard-board-service] [PROFILE_IS_UNDEFINED] [Test worker] org.springframework.boot.test.mock.web.SpringBootMockServletContext - Initializing Spring TestDispatcherServlet ''
[INFO ] [2024-03-13T14:22:52.426+0000] [simpleboard-board-service] [PROFILE_IS_UNDEFINED] [Test worker] org.springframework.test.web.servlet.TestDispatcherServlet - Initializing Servlet ''
[INFO ] [2024-03-13T14:22:52.426+0000] [simpleboard-board-service] [PROFILE_IS_UNDEFINED] [Test worker] org.springframework.test.web.servlet.TestDispatcherServlet - Completed initialization in 0 ms
[INFO ] [2024-03-13T14:22:52.516+0000] [simpleboard-board-service] [PROFILE_IS_UNDEFINED] [Test worker] org.springframework.boot.test.mock.web.SpringBootMockServletContext - Initializing Spring TestDispatcherServlet ''
[INFO ] [2024-03-13T14:22:52.516+0000] [simpleboard-board-service] [PROFILE_IS_UNDEFINED] [Test worker] org.springframework.test.web.servlet.TestDispatcherServlet - Initializing Servlet ''
[INFO ] [2024-03-13T14:22:52.517+0000] [simpleboard-board-service] [PROFILE_IS_UNDEFINED] [Test worker] org.springframework.test.web.servlet.TestDispatcherServlet - Completed initialization in 1 ms
[INFO ] [2024-03-13T14:22:52.534+0000] [simpleboard-board-service] [PROFILE_IS_UNDEFINED] [Test worker] org.springframework.boot.test.mock.web.SpringBootMockServletContext - Initializing Spring TestDispatcherServlet ''
[INFO ] [2024-03-13T14:22:52.534+0000] [simpleboard-board-service] [PROFILE_IS_UNDEFINED] [Test worker] org.springframework.test.web.servlet.TestDispatcherServlet - Initializing Servlet ''
[INFO ] [2024-03-13T14:22:52.535+0000] [simpleboard-board-service] [PROFILE_IS_UNDEFINED] [Test worker] org.springframework.test.web.servlet.TestDispatcherServlet - Completed initialization in 1 ms
